D:\C++Project\VideoServ\Debug\VideoServer.exe
D:\C++Project\VideoServ\Debug\VideoServer.ilk
D:\C++Project\VideoServ\Debug\VideoServer.pdb
D:\C++Project\VideoServ\VideoServer\Debug\BasicHashTable.obj
D:\C++Project\VideoServ\VideoServer\Debug\cl.command.1.tlog
D:\C++Project\VideoServ\VideoServer\Debug\CL.read.1.tlog
D:\C++Project\VideoServ\VideoServer\Debug\CL.write.1.tlog
D:\C++Project\VideoServ\VideoServer\Debug\HashTable.obj
D:\C++Project\VideoServ\VideoServer\Debug\link.8236.read.1.tlog
D:\C++Project\VideoServ\VideoServer\Debug\link.8236.write.1.tlog
D:\C++Project\VideoServ\VideoServer\Debug\link.8236-cvtres.read.1.tlog
D:\C++Project\VideoServ\VideoServer\Debug\link.8236-cvtres.write.1.tlog
D:\C++Project\VideoServ\VideoServer\Debug\link.command.1.tlog
D:\C++Project\VideoServ\VideoServer\Debug\link.read.1.tlog
D:\C++Project\VideoServ\VideoServer\Debug\link.write.1.tlog
D:\C++Project\VideoServ\VideoServer\Debug\link-cvtres.read.1.tlog
D:\C++Project\VideoServ\VideoServer\Debug\link-cvtres.write.1.tlog
D:\C++Project\VideoServ\VideoServer\Debug\mt.command.1.tlog
D:\C++Project\VideoServ\VideoServer\Debug\mt.read.1.tlog
D:\C++Project\VideoServ\VideoServer\Debug\mt.write.1.tlog
D:\C++Project\VideoServ\VideoServer\Debug\MutexQueue.obj
D:\C++Project\VideoServ\VideoServer\Debug\rc.command.1.tlog
D:\C++Project\VideoServ\VideoServer\Debug\rc.read.1.tlog
D:\C++Project\VideoServ\VideoServer\Debug\rc.write.1.tlog
D:\C++Project\VideoServ\VideoServer\Debug\sys_os.obj
D:\C++Project\VideoServ\VideoServer\Debug\tinystr.obj
D:\C++Project\VideoServ\VideoServer\Debug\tinyxml.obj
D:\C++Project\VideoServ\VideoServer\Debug\tinyxmlerror.obj
D:\C++Project\VideoServ\VideoServer\Debug\tinyxmlparser.obj
D:\C++Project\VideoServ\VideoServer\Debug\vc100.idb
D:\C++Project\VideoServ\VideoServer\Debug\vc100.pdb
D:\C++Project\VideoServ\VideoServer\Debug\VideoServer.exe.embed.manifest
D:\C++Project\VideoServ\VideoServer\Debug\VideoServer.exe.embed.manifest.res
D:\C++Project\VideoServ\VideoServer\Debug\VideoServer.exe.intermediate.manifest
D:\C++Project\VideoServ\VideoServer\Debug\VideoServer.obj
D:\C++Project\VideoServ\VideoServer\Debug\VideoServer.write.1.tlog
D:\C++Project\VideoServ\VideoServer\Debug\VideoServer_manifest.rc
D:\C++PROJECT\VIDEOSERVER\DEBUG\VIDEOSERVER.EXE
D:\C++PROJECT\VIDEOSERVER\DEBUG\VIDEOSERVER.ILK
D:\C++PROJECT\VIDEOSERVER\DEBUG\VIDEOSERVER.PDB
D:\C++PROJECT\VIDEOSERVER\VIDEOSERVER\DEBUG\BASICHASHTABLE.OBJ
D:\C++PROJECT\VIDEOSERVER\VIDEOSERVER\DEBUG\HASHTABLE.OBJ
D:\C++PROJECT\VIDEOSERVER\VIDEOSERVER\DEBUG\MUTEXQUEUE.OBJ
D:\C++PROJECT\VIDEOSERVER\VIDEOSERVER\DEBUG\SYS_OS.OBJ
D:\C++PROJECT\VIDEOSERVER\VIDEOSERVER\DEBUG\TINYSTR.OBJ
D:\C++PROJECT\VIDEOSERVER\VIDEOSERVER\DEBUG\TINYXML.OBJ
D:\C++PROJECT\VIDEOSERVER\VIDEOSERVER\DEBUG\TINYXMLERROR.OBJ
D:\C++PROJECT\VIDEOSERVER\VIDEOSERVER\DEBUG\TINYXMLPARSER.OBJ
D:\C++PROJECT\VIDEOSERVER\VIDEOSERVER\DEBUG\VC100.PDB
D:\C++PROJECT\VIDEOSERVER\VIDEOSERVER\DEBUG\VIDEOSERVER.EXE.EMBED.MANIFEST
D:\C++PROJECT\VIDEOSERVER\VIDEOSERVER\DEBUG\VIDEOSERVER.EXE.EMBED.MANIFEST.RES
D:\C++PROJECT\VIDEOSERVER\VIDEOSERVER\DEBUG\VIDEOSERVER.EXE.INTERMEDIATE.MANIFEST
D:\C++PROJECT\VIDEOSERVER\VIDEOSERVER\DEBUG\VIDEOSERVER.OBJ
